#
# There is insufficient memory for the Java Runtime Environment to continue.
# Native memory allocation (malloc) failed to allocate 676576 bytes. Error detail: Chunk::new
# Possible reasons:
#   The system is out of physical RAM or swap space
#   This process is running with CompressedOops enabled, and the Java Heap may be blocking the growth of the native heap
# Possible solutions:
#   Reduce memory load on the system
#   Increase physical memory or swap space
#   Check if swap backing store is full
#   Decrease Java heap size (-Xmx/-Xms)
#   Decrease number of Java threads
#   Decrease Java thread stack sizes (-Xss)
#   Set larger code cache with -XX:ReservedCodeCacheSize=
#   JVM is running with Unscaled Compressed Oops mode in which the Java heap is
#     placed in the first 4GB address space. The Java Heap base address is the
#     maximum limit for the native heap growth. Please use -XX:HeapBaseMinAddress
#     to set the Java Heap base and to place the Java Heap above 4GB virtual address.
# This output file may be truncated or incomplete.
#
#  Out of Memory Error (arena.cpp:168), pid=18964, tid=19696
#
# JRE version: OpenJDK Runtime Environment Temurin-21.0.8+9 (21.0.8+9) (build 21.0.8+9-LTS)
# Java VM: OpenJDK 64-Bit Server VM Temurin-21.0.8+9 (21.0.8+9-LTS, mixed mode, sharing, tiered, compressed oops, compressed class ptrs, parallel gc, windows-amd64)
# No core dump will be written. Minidumps are not enabled by default on client versions of Windows
#

---------------  S U M M A R Y ------------

Command Line: --add-modules=ALL-SYSTEM --add-opens=java.base/java.util=ALL-UNNAMED --add-opens=java.base/java.lang=ALL-UNNAMED --add-opens=java.base/sun.nio.fs=ALL-UNNAMED -Declipse.application=org.eclipse.jdt.ls.core.id1 -Dosgi.bundles.defaultStartLevel=4 -Declipse.product=org.eclipse.jdt.ls.core.product -Djava.import.generatesMetadataFilesAtProjectRoot=false -DDetectVMInstallationsJob.disabled=true -Dfile.encoding=utf8 -XX:+UseParallelGC -XX:GCTimeRatio=4 -XX:AdaptiveSizePolicyWeight=90 -Dsun.zip.disableMemoryMapping=true -Xmx2G -Xms100m -Xlog:disable -javaagent:c:\Users\arthu\.vscode\extensions\redhat.java-1.46.0-win32-x64\lombok\lombok-1.18.39-4050.jar -XX:+HeapDumpOnOutOfMemoryError -XX:HeapDumpPath=c:\Users\arthu\AppData\Roaming\Code\User\workspaceStorage\fd07c98ef1eabca4411f8b501041ee0a\redhat.java -Daether.dependencyCollector.impl=bf c:\Users\arthu\.vscode\extensions\redhat.java-1.46.0-win32-x64\server\plugins\org.eclipse.equinox.launcher_1.7.0.v20250519-0528.jar -configuration c:\Users\arthu\AppData\Roaming\Code\User\globalStorage\redhat.java\1.46.0\config_win -data c:\Users\arthu\AppData\Roaming\Code\User\workspaceStorage\fd07c98ef1eabca4411f8b501041ee0a\redhat.java\jdt_ws --pipe=\\.\pipe\lsp-7f736da0aab25ed1af42ecdddad96bad-sock

Host: Intel(R) Processor U300, 6 cores, 7G,  Windows 11 , 64 bit Build 26100 (10.0.26100.5074)
Time: Thu Oct  9 23:12:04 2025 Hora oficial do Brasil elapsed time: 6.808500 seconds (0d 0h 0m 6s)

---------------  T H R E A D  ---------------

Current thread (0x0000018a4a8f1ae0):  JavaThread "C2 CompilerThread0" daemon [_thread_in_native, id=19696, stack(0x0000002b9f000000,0x0000002b9f100000) (1024K)]


Current CompileTask:
C2:6808 3919       4       org.lombokweb.asm.ClassReader::readMethod (1070 bytes)

Stack: [0x0000002b9f000000,0x0000002b9f100000]
Native frames: (J=compiled Java code, j=interpreted, Vv=VM code, C=native code)
V  [jvm.dll+0x6d2449]
V  [jvm.dll+0x8ae341]
V  [jvm.dll+0x8b08be]
V  [jvm.dll+0x8b0fa3]
V  [jvm.dll+0x280c96]
V  [jvm.dll+0xc581d]
V  [jvm.dll+0xc5d53]
V  [jvm.dll+0x2f539d]
V  [jvm.dll+0x5fa00a]
V  [jvm.dll+0x252092]
V  [jvm.dll+0x24aa06]
V  [jvm.dll+0x2483a4]
V  [jvm.dll+0x1c89ee]
V  [jvm.dll+0x257d4d]
V  [jvm.dll+0x2562ea]
V  [jvm.dll+0x3f2d16]
V  [jvm.dll+0x857e6b]
V  [jvm.dll+0x6d0b0d]
C  [ucrtbase.dll+0x37b0]
C  [KERNEL32.DLL+0x2e8d7]
C  [ntdll.dll+0x8d9c]


---------------  P R O C E S S  ---------------

Threads class SMR info:
_java_thread_list=0x0000018a677b4470, length=21, elements={
0x0000018a4857ca30, 0x0000018a4a8e63c0, 0x0000018a4a8e8890, 0x0000018a4a8ec6b0,
0x0000018a4a8ed300, 0x0000018a4a8f0260, 0x0000018a4a8f0cb0, 0x0000018a4a8f1ae0,
0x0000018a62598f60, 0x0000018a6261c570, 0x0000018a6709f4c0, 0x0000018a675cffa0,
0x0000018a67066620, 0x0000018a6787c140, 0x0000018a677e6c50, 0x0000018a67b075e0,
0x0000018a67c07ea0, 0x0000018a67c38550, 0x0000018a67c39900, 0x0000018a67c39270,
0x0000018a67c37ec0
}

Java Threads: ( => current thread )
  0x0000018a4857ca30 JavaThread "main"                              [_thread_blocked, id=15256, stack(0x0000002b9e600000,0x0000002b9e700000) (1024K)]
  0x0000018a4a8e63c0 JavaThread "Reference Handler"          daemon [_thread_blocked, id=37624, stack(0x0000002b9ea00000,0x0000002b9eb00000) (1024K)]
  0x0000018a4a8e8890 JavaThread "Finalizer"                  daemon [_thread_blocked, id=4828, stack(0x0000002b9eb00000,0x0000002b9ec00000) (1024K)]
  0x0000018a4a8ec6b0 JavaThread "Signal Dispatcher"          daemon [_thread_blocked, id=17964, stack(0x0000002b9ec00000,0x0000002b9ed00000) (1024K)]
  0x0000018a4a8ed300 JavaThread "Attach Listener"            daemon [_thread_blocked, id=30572, stack(0x0000002b9ed00000,0x0000002b9ee00000) (1024K)]
  0x0000018a4a8f0260 JavaThread "Service Thread"             daemon [_thread_blocked, id=15540, stack(0x0000002b9ee00000,0x0000002b9ef00000) (1024K)]
  0x0000018a4a8f0cb0 JavaThread "Monitor Deflation Thread"   daemon [_thread_blocked, id=23504, stack(0x0000002b9ef00000,0x0000002b9f000000) (1024K)]
=>0x0000018a4a8f1ae0 JavaThread "C2 CompilerThread0"         daemon [_thread_in_native, id=19696, stack(0x0000002b9f000000,0x0000002b9f100000) (1024K)]
  0x0000018a62598f60 JavaThread "C1 CompilerThread0"         daemon [_thread_blocked, id=37024, stack(0x0000002b9f100000,0x0000002b9f200000) (1024K)]
  0x0000018a6261c570 JavaThread "Common-Cleaner"             daemon [_thread_blocked, id=9868, stack(0x0000002b9f200000,0x0000002b9f300000) (1024K)]
  0x0000018a6709f4c0 JavaThread "Notification Thread"        daemon [_thread_blocked, id=9716, stack(0x0000002b9f400000,0x0000002b9f500000) (1024K)]
  0x0000018a675cffa0 JavaThread "Active Thread: Equinox Container: 911be58d-51e5-41c6-9d83-84d13efdd8d9"        [_thread_blocked, id=26444, stack(0x0000002b9fa00000,0x0000002b9fb00000) (1024K)]
  0x0000018a67066620 JavaThread "Refresh Thread: Equinox Container: 911be58d-51e5-41c6-9d83-84d13efdd8d9" daemon [_thread_blocked, id=12336, stack(0x0000002b9fb00000,0x0000002b9fc00000) (1024K)]
  0x0000018a6787c140 JavaThread "Framework Event Dispatcher: Equinox Container: 911be58d-51e5-41c6-9d83-84d13efdd8d9" daemon [_thread_blocked, id=36792, stack(0x0000002b9fc00000,0x0000002b9fd00000) (1024K)]
  0x0000018a677e6c50 JavaThread "Start Level: Equinox Container: 911be58d-51e5-41c6-9d83-84d13efdd8d9" daemon [_thread_in_native, id=16100, stack(0x0000002b9fd00000,0x0000002b9fe00000) (1024K)]
  0x0000018a67b075e0 JavaThread "Bundle File Closer"         daemon [_thread_blocked, id=22988, stack(0x0000002b9fe00000,0x0000002b9ff00000) (1024K)]
  0x0000018a67c07ea0 JavaThread "SCR Component Actor"        daemon [_thread_blocked, id=32864, stack(0x0000002b9f300000,0x0000002b9f400000) (1024K)]
  0x0000018a67c38550 JavaThread "Worker-JM"                         [_thread_blocked, id=15560, stack(0x0000002ba0000000,0x0000002ba0100000) (1024K)]
  0x0000018a67c39900 JavaThread "JNA Cleaner"                daemon [_thread_blocked, id=21864, stack(0x0000002ba0100000,0x0000002ba0200000) (1024K)]
  0x0000018a67c39270 JavaThread "Worker-0"                          [_thread_blocked, id=34016, stack(0x0000002ba0200000,0x0000002ba0300000) (1024K)]
  0x0000018a67c37ec0 JavaThread "Worker-1"                          [_thread_blocked, id=34516, stack(0x0000002ba0300000,0x0000002ba0400000) (1024K)]
Total: 21

Other Threads:
  0x0000018a4aa53b50 VMThread "VM Thread"                           [id=4440, stack(0x0000002b9e900000,0x0000002b9ea00000) (1024K)]
  0x0000018a4a83ca00 WatcherThread "VM Periodic Task Thread"        [id=15136, stack(0x0000002b9e800000,0x0000002b9e900000) (1024K)]
  0x0000018a4a9d6980 WorkerThread "GC Thread#0"                     [id=24204, stack(0x0000002b9e700000,0x0000002b9e800000) (1024K)]
  0x0000018a628d0280 WorkerThread "GC Thread#1"                     [id=32060, stack(0x0000002b9f500000,0x0000002b9f600000) (1024K)]
  0x0000018a6756bd90 WorkerThread "GC Thread#2"                     [id=14772, stack(0x0000002b9f600000,0x0000002b9f700000) (1024K)]
  0x0000018a6756c130 WorkerThread "GC Thread#3"                     [id=8888, stack(0x0000002b9f700000,0x0000002b9f800000) (1024K)]
  0x0000018a6756c4d0 WorkerThread "GC Thread#4"                     [id=14256, stack(0x0000002b9f800000,0x0000002b9f900000) (1024K)]
  0x0000018a6756c870 WorkerThread "GC Thread#5"                     [id=12196, stack(0x0000002b9f900000,0x0000002b9fa00000) (1024K)]
Total: 8

Threads with active compile tasks:
C2 CompilerThread0  6849 3919       4       org.lombokweb.asm.ClassReader::readMethod (1070 bytes)
Total: 1

VM state: not at safepoint (normal execution)

VM Mutex/Monitor currently owned by a thread: None

Heap address: 0x0000000080000000, size: 2048 MB, Compressed Oops mode: 32-bit

CDS archive(s) mapped at: [0x0000018a00000000-0x0000018a00ba0000-0x0000018a00ba0000), size 12189696, SharedBaseAddress: 0x0000018a00000000, ArchiveRelocationMode: 1.
Compressed class space mapped at: 0x0000018a01000000-0x0000018a41000000, reserved size: 1073741824
Narrow klass base: 0x0000018a00000000, Narrow klass shift: 0, Narrow klass range: 0x100000000

GC Precious Log:
 CardTable entry size: 512
 CPUs: 6 total, 6 available
 Memory: 7864M
 Large Page Support: Disabled
 NUMA Support: Disabled
 Compressed Oops: Enabled (32-bit)
 Alignments: Space 512K, Generation 512K, Heap 2M
 Heap Min Capacity: 100M
 Heap Initial Capacity: 100M
 Heap Max Capacity: 2G
 Pre-touch: Disabled
 Parallel Workers: 6

Heap:
 PSYoungGen      total 25088K, used 20848K [0x00000000d5580000, 0x00000000d7380000, 0x0000000100000000)
  eden space 24064K, 83% used [0x00000000d5580000,0x00000000d691b1b8,0x00000000d6d00000)
  from space 1024K, 75% used [0x00000000d7280000,0x00000000d73410e8,0x00000000d7380000)
  to   space 2048K, 0% used [0x00000000d6f80000,0x00000000d6f80000,0x00000000d7180000)
 ParOldGen       total 68608K, used 12932K [0x0000000080000000, 0x0000000084300000, 0x00000000d5580000)
  object space 68608K, 18% used [0x0000000080000000,0x0000000080ca1178,0x0000000084300000)
 Metaspace       used 26123K, committed 27008K, reserved 1114112K
  class space    used 2592K, committed 3008K, reserved 1048576K

Card table byte_map: [0x0000018a4a350000,0x0000018a4a760000] _byte_map_base: 0x0000018a49f50000

Marking Bits: (ParMarkBitMap*) 0x00007ffb04faa340
 Begin Bits: [0x0000018a5ce50000, 0x0000018a5ee50000)
 End Bits:   [0x0000018a5ee50000, 0x0000018a60e50000)

Polling page: 0x0000018a48530000

Metaspace:

Usage:
  Non-class:     22.98 MB used.
      Class:      2.53 MB used.
       Both:     25.51 MB used.

Virtual space:
  Non-class space:       64.00 MB reserved,      23.44 MB ( 37%) committed,  1 nodes.
      Class space:        1.00 GB reserved,       2.94 MB ( <1%) committed,  1 nodes.
             Both:        1.06 GB reserved,      26.38 MB (  2%) committed. 

Chunk freelists:
   Non-Class:  8.52 MB
       Class:  13.12 MB
        Both:  21.64 MB

MaxMetaspaceSize: unlimited
CompressedClassSpaceSize: 1.00 GB
Initial GC threshold: 21.00 MB
Current GC threshold: 35.00 MB
CDS: on
 - commit_granule_bytes: 65536.
 - commit_granule_words: 8192.
 - virtual_space_node_default_size: 8388608.
 - enlarge_chunks_in_place: 1.
 - use_allocation_guard: 0.


Internal statistics:

num_allocs_failed_limit: 3.
num_arena_births: 620.
num_arena_deaths: 14.
num_vsnodes_births: 2.
num_vsnodes_deaths: 0.
num_space_committed: 422.
num_space_uncommitted: 0.
num_chunks_returned_to_freelist: 17.
num_chunks_taken_from_freelist: 1659.
num_chunk_merges: 6.
num_chunk_splits: 1067.
num_chunks_enlarged: 699.
num_inconsistent_stats: 0.

CodeHeap 'non-profiled nmethods': size=120000Kb used=1772Kb max_used=1772Kb free=118227Kb
 bounds [0x0000018a55670000, 0x0000018a558e0000, 0x0000018a5cba0000]
CodeHeap 'profiled nmethods': size=120000Kb used=8081Kb max_used=8081Kb free=111918Kb
 bounds [0x0000018a4dba0000, 0x0000018a4e390000, 0x0000018a550d0000]
CodeHeap 'non-nmethods': size=5760Kb used=1328Kb max_used=1342Kb free=4431Kb
 bounds [0x0000018a550d0000, 0x0000018a55340000, 0x0000018a55670000]
CodeCache: size=245760Kb, used=11181Kb, max_used=11195Kb, free=234576Kb
 total_blobs=4538, nmethods=3921, adapters=523, full_count=0
Compilation: enabled, stopped_count=0, restarted_count=0

Compilation events (20 events):
Event: 6.539 Thread 0x0000018a62598f60 nmethod 3911 0x0000018a4e37c490 code [0x0000018a4e37c640, 0x0000018a4e37c848]
Event: 6.539 Thread 0x0000018a62598f60 3915       3       java.lang.Enum::hashCode (21 bytes)
Event: 6.539 Thread 0x0000018a62598f60 nmethod 3915 0x0000018a4e37c910 code [0x0000018a4e37cac0, 0x0000018a4e37cc48]
Event: 6.539 Thread 0x0000018a62598f60 3914       1       lombok.patcher.MethodLogistics::getReturnOpcode (5 bytes)
Event: 6.540 Thread 0x0000018a62598f60 nmethod 3914 0x0000018a5582a110 code [0x0000018a5582a2a0, 0x0000018a5582a368]
Event: 6.628 Thread 0x0000018a4a8f1ae0 3917       4       java.lang.Class::getPackageName (81 bytes)
Event: 6.637 Thread 0x0000018a62598f60 3918       3       org.lombokweb.asm.SymbolTable::hash (14 bytes)
Event: 6.637 Thread 0x0000018a62598f60 nmethod 3918 0x0000018a4e37cd10 code [0x0000018a4e37cea0, 0x0000018a4e37cfa8]
Event: 6.638 Thread 0x0000018a62598f60 3920       3       org.lombokweb.asm.MethodWriter::visitFrame (811 bytes)
Event: 6.640 Thread 0x0000018a4a8f1ae0 nmethod 3917 0x0000018a5582a410 code [0x0000018a5582a600, 0x0000018a5582ae58]
Event: 6.640 Thread 0x0000018a4a8f1ae0 3919       4       org.lombokweb.asm.ClassReader::readMethod (1070 bytes)
Event: 6.640 Thread 0x0000018a62598f60 nmethod 3920 0x0000018a4e37d010 code [0x0000018a4e37d560, 0x0000018a4e37f7d0]
Event: 6.645 Thread 0x0000018a62598f60 3921       3       org.lombokweb.asm.ClassReader::readStackMapFrame (535 bytes)
Event: 6.646 Thread 0x0000018a62598f60 nmethod 3921 0x0000018a4e380710 code [0x0000018a4e3809c0, 0x0000018a4e381990]
Event: 6.648 Thread 0x0000018a62598f60 3922       3       org.lombokweb.asm.MethodWriter::visitJumpInsn (495 bytes)
Event: 6.649 Thread 0x0000018a62598f60 nmethod 3922 0x0000018a4e381f90 code [0x0000018a4e3822e0, 0x0000018a4e3832e8]
Event: 6.656 Thread 0x0000018a62598f60 3925       3       org.lombokweb.asm.ByteVector::putByteArray (49 bytes)
Event: 6.656 Thread 0x0000018a62598f60 nmethod 3925 0x0000018a4e383910 code [0x0000018a4e383ae0, 0x0000018a4e383da8]
Event: 6.789 Thread 0x0000018a62598f60 3926       3       java.util.regex.Matcher::<init> (95 bytes)
Event: 6.790 Thread 0x0000018a62598f60 nmethod 3926 0x0000018a4e383f10 code [0x0000018a4e3840e0, 0x0000018a4e384590]

GC Heap History (18 events):
Event: 1.328 GC heap before
{Heap before GC invocations=1 (full 0):
 PSYoungGen      total 29696K, used 25600K [0x00000000d5580000, 0x00000000d7680000, 0x0000000100000000)
  eden space 25600K, 100% used [0x00000000d5580000,0x00000000d6e80000,0x00000000d6e80000)
  from space 4096K, 0% used [0x00000000d7280000,0x00000000d7280000,0x00000000d7680000)
  to   space 4096K, 0% used [0x00000000d6e80000,0x00000000d6e80000,0x00000000d7280000)
 ParOldGen       total 68608K, used 0K [0x0000000080000000, 0x0000000084300000, 0x00000000d5580000)
  object space 68608K, 0% used [0x0000000080000000,0x0000000080000000,0x0000000084300000)
 Metaspace       used 4330K, committed 4608K, reserved 1114112K
  class space    used 471K, committed 576K, reserved 1048576K
}
Event: 1.337 GC heap after
{Heap after GC invocations=1 (full 0):
 PSYoungGen      total 29696K, used 3344K [0x00000000d5580000, 0x00000000d7680000, 0x0000000100000000)
  eden space 25600K, 0% used [0x00000000d5580000,0x00000000d5580000,0x00000000d6e80000)
  from space 4096K, 81% used [0x00000000d6e80000,0x00000000d71c40c8,0x00000000d7280000)
  to   space 4096K, 0% used [0x00000000d7280000,0x00000000d7280000,0x00000000d7680000)
 ParOldGen       total 68608K, used 16K [0x0000000080000000, 0x0000000084300000, 0x00000000d5580000)
  object space 68608K, 0% used [0x0000000080000000,0x0000000080004000,0x0000000084300000)
 Metaspace       used 4330K, committed 4608K, reserved 1114112K
  class space    used 471K, committed 576K, reserved 1048576K
}
Event: 2.529 GC heap before
{Heap before GC invocations=2 (full 0):
 PSYoungGen      total 29696K, used 28944K [0x00000000d5580000, 0x00000000d7680000, 0x0000000100000000)
  eden space 25600K, 100% used [0x00000000d5580000,0x00000000d6e80000,0x00000000d6e80000)
  from space 4096K, 81% used [0x00000000d6e80000,0x00000000d71c40c8,0x00000000d7280000)
  to   space 4096K, 0% used [0x00000000d7280000,0x00000000d7280000,0x00000000d7680000)
 ParOldGen       total 68608K, used 16K [0x0000000080000000, 0x0000000084300000, 0x00000000d5580000)
  object space 68608K, 0% used [0x0000000080000000,0x0000000080004000,0x0000000084300000)
 Metaspace       used 8017K, committed 8320K, reserved 1114112K
  class space    used 839K, committed 960K, reserved 1048576K
}
Event: 2.536 GC heap after
{Heap after GC invocations=2 (full 0):
 PSYoungGen      total 29696K, used 4091K [0x00000000d5580000, 0x00000000d7680000, 0x0000000100000000)
  eden space 25600K, 0% used [0x00000000d5580000,0x00000000d5580000,0x00000000d6e80000)
  from space 4096K, 99% used [0x00000000d7280000,0x00000000d767eeb8,0x00000000d7680000)
  to   space 4096K, 0% used [0x00000000d6e80000,0x00000000d6e80000,0x00000000d7280000)
 ParOldGen       total 68608K, used 1855K [0x0000000080000000, 0x0000000084300000, 0x00000000d5580000)
  object space 68608K, 2% used [0x0000000080000000,0x00000000801cfcd0,0x0000000084300000)
 Metaspace       used 8017K, committed 8320K, reserved 1114112K
  class space    used 839K, committed 960K, reserved 1048576K
}
Event: 3.353 GC heap before
{Heap before GC invocations=3 (full 0):
 PSYoungGen      total 29696K, used 29588K [0x00000000d5580000, 0x00000000d7680000, 0x0000000100000000)
  eden space 25600K, 99% used [0x00000000d5580000,0x00000000d6e66478,0x00000000d6e80000)
  from space 4096K, 99% used [0x00000000d7280000,0x00000000d767eeb8,0x00000000d7680000)
  to   space 4096K, 0% used [0x00000000d6e80000,0x00000000d6e80000,0x00000000d7280000)
 ParOldGen       total 68608K, used 1855K [0x0000000080000000, 0x0000000084300000, 0x00000000d5580000)
  object space 68608K, 2% used [0x0000000080000000,0x00000000801cfcd0,0x0000000084300000)
 Metaspace       used 9456K, committed 9728K, reserved 1114112K
  class space    used 1004K, committed 1152K, reserved 1048576K
}
Event: 3.361 GC heap after
{Heap after GC invocations=3 (full 0):
 PSYoungGen      total 29696K, used 4077K [0x00000000d5580000, 0x00000000d7680000, 0x0000000100000000)
  eden space 25600K, 0% used [0x00000000d5580000,0x00000000d5580000,0x00000000d6e80000)
  from space 4096K, 99% used [0x00000000d6e80000,0x00000000d727b7e0,0x00000000d7280000)
  to   space 4096K, 0% used [0x00000000d7280000,0x00000000d7280000,0x00000000d7680000)
 ParOldGen       total 68608K, used 4968K [0x0000000080000000, 0x0000000084300000, 0x00000000d5580000)
  object space 68608K, 7% used [0x0000000080000000,0x00000000804da258,0x0000000084300000)
 Metaspace       used 9456K, committed 9728K, reserved 1114112K
  class space    used 1004K, committed 1152K, reserved 1048576K
}
Event: 4.323 GC heap before
{Heap before GC invocations=4 (full 0):
 PSYoungGen      total 29696K, used 29677K [0x00000000d5580000, 0x00000000d7680000, 0x0000000100000000)
  eden space 25600K, 100% used [0x00000000d5580000,0x00000000d6e80000,0x00000000d6e80000)
  from space 4096K, 99% used [0x00000000d6e80000,0x00000000d727b7e0,0x00000000d7280000)
  to   space 4096K, 0% used [0x00000000d7280000,0x00000000d7280000,0x00000000d7680000)
 ParOldGen       total 68608K, used 4968K [0x0000000080000000, 0x0000000084300000, 0x00000000d5580000)
  object space 68608K, 7% used [0x0000000080000000,0x00000000804da258,0x0000000084300000)
 Metaspace       used 12097K, committed 12480K, reserved 1114112K
  class space    used 1286K, committed 1472K, reserved 1048576K
}
Event: 4.330 GC heap after
{Heap after GC invocations=4 (full 0):
 PSYoungGen      total 29696K, used 4093K [0x00000000d5580000, 0x00000000d7680000, 0x0000000100000000)
  eden space 25600K, 0% used [0x00000000d5580000,0x00000000d5580000,0x00000000d6e80000)
  from space 4096K, 99% used [0x00000000d7280000,0x00000000d767f558,0x00000000d7680000)
  to   space 4096K, 0% used [0x00000000d6e80000,0x00000000d6e80000,0x00000000d7280000)
 ParOldGen       total 68608K, used 6421K [0x0000000080000000, 0x0000000084300000, 0x00000000d5580000)
  object space 68608K, 9% used [0x0000000080000000,0x0000000080645768,0x0000000084300000)
 Metaspace       used 12097K, committed 12480K, reserved 1114112K
  class space    used 1286K, committed 1472K, reserved 1048576K
}
Event: 5.113 GC heap before
{Heap before GC invocations=5 (full 0):
 PSYoungGen      total 29696K, used 29648K [0x00000000d5580000, 0x00000000d7680000, 0x0000000100000000)
  eden space 25600K, 99% used [0x00000000d5580000,0x00000000d6e74de8,0x00000000d6e80000)
  from space 4096K, 99% used [0x00000000d7280000,0x00000000d767f558,0x00000000d7680000)
  to   space 4096K, 0% used [0x00000000d6e80000,0x00000000d6e80000,0x00000000d7280000)
 ParOldGen       total 68608K, used 6421K [0x0000000080000000, 0x0000000084300000, 0x00000000d5580000)
  object space 68608K, 9% used [0x0000000080000000,0x0000000080645768,0x0000000084300000)
 Metaspace       used 16016K, committed 16704K, reserved 1114112K
  class space    used 1661K, committed 1984K, reserved 1048576K
}
Event: 5.117 GC heap after
{Heap after GC invocations=5 (full 0):
 PSYoungGen      total 29184K, used 4067K [0x00000000d5580000, 0x00000000d7a00000, 0x0000000100000000)
  eden space 25088K, 0% used [0x00000000d5580000,0x00000000d5580000,0x00000000d6e00000)
  from space 4096K, 99% used [0x00000000d6e80000,0x00000000d7278f48,0x00000000d7280000)
  to   space 6144K, 0% used [0x00000000d7400000,0x00000000d7400000,0x00000000d7a00000)
 ParOldGen       total 68608K, used 8045K [0x0000000080000000, 0x0000000084300000, 0x00000000d5580000)
  object space 68608K, 11% used [0x0000000080000000,0x00000000807db700,0x0000000084300000)
 Metaspace       used 16016K, committed 16704K, reserved 1114112K
  class space    used 1661K, committed 1984K, reserved 1048576K
}
Event: 5.797 GC heap before
{Heap before GC invocations=6 (full 0):
 PSYoungGen      total 29184K, used 29155K [0x00000000d5580000, 0x00000000d7a00000, 0x0000000100000000)
  eden space 25088K, 100% used [0x00000000d5580000,0x00000000d6e00000,0x00000000d6e00000)
  from space 4096K, 99% used [0x00000000d6e80000,0x00000000d7278f48,0x00000000d7280000)
  to   space 6144K, 0% used [0x00000000d7400000,0x00000000d7400000,0x00000000d7a00000)
 ParOldGen       total 68608K, used 8045K [0x0000000080000000, 0x0000000084300000, 0x00000000d5580000)
  object space 68608K, 11% used [0x0000000080000000,0x00000000807db700,0x0000000084300000)
 Metaspace       used 18984K, committed 19776K, reserved 1114112K
  class space    used 1999K, committed 2368K, reserved 1048576K
}
Event: 5.802 GC heap after
{Heap after GC invocations=6 (full 0):
 PSYoungGen      total 29184K, used 4460K [0x00000000d5580000, 0x00000000d7880000, 0x0000000100000000)
  eden space 24576K, 0% used [0x00000000d5580000,0x00000000d5580000,0x00000000d6d80000)
  from space 4608K, 96% used [0x00000000d7400000,0x00000000d785b120,0x00000000d7880000)
  to   space 5120K, 0% used [0x00000000d6e80000,0x00000000d6e80000,0x00000000d7380000)
 ParOldGen       total 68608K, used 8053K [0x0000000080000000, 0x0000000084300000, 0x00000000d5580000)
  object space 68608K, 11% used [0x0000000080000000,0x00000000807dd700,0x0000000084300000)
 Metaspace       used 18984K, committed 19776K, reserved 1114112K
  class space    used 1999K, committed 2368K, reserved 1048576K
}
Event: 6.117 GC heap before
{Heap before GC invocations=7 (full 0):
 PSYoungGen      total 29184K, used 21148K [0x00000000d5580000, 0x00000000d7880000, 0x0000000100000000)
  eden space 24576K, 67% used [0x00000000d5580000,0x00000000d65cc1c0,0x00000000d6d80000)
  from space 4608K, 96% used [0x00000000d7400000,0x00000000d785b120,0x00000000d7880000)
  to   space 5120K, 0% used [0x00000000d6e80000,0x00000000d6e80000,0x00000000d7380000)
 ParOldGen       total 68608K, used 8053K [0x0000000080000000, 0x0000000084300000, 0x00000000d5580000)
  object space 68608K, 11% used [0x0000000080000000,0x00000000807dd700,0x0000000084300000)
 Metaspace       used 20682K, committed 21504K, reserved 1114112K
  class space    used 2191K, committed 2560K, reserved 1048576K
}
Event: 6.121 GC heap after
{Heap after GC invocations=7 (full 0):
 PSYoungGen      total 28672K, used 4044K [0x00000000d5580000, 0x00000000d7680000, 0x0000000100000000)
  eden space 24576K, 0% used [0x00000000d5580000,0x00000000d5580000,0x00000000d6d80000)
  from space 4096K, 98% used [0x00000000d6e80000,0x00000000d72733b0,0x00000000d7280000)
  to   space 4096K, 0% used [0x00000000d7280000,0x00000000d7280000,0x00000000d7680000)
 ParOldGen       total 68608K, used 9505K [0x0000000080000000, 0x0000000084300000, 0x00000000d5580000)
  object space 68608K, 13% used [0x0000000080000000,0x0000000080948540,0x0000000084300000)
 Metaspace       used 20682K, committed 21504K, reserved 1114112K
  class space    used 2191K, committed 2560K, reserved 1048576K
}
Event: 6.121 GC heap before
{Heap before GC invocations=8 (full 1):
 PSYoungGen      total 28672K, used 4044K [0x00000000d5580000, 0x00000000d7680000, 0x0000000100000000)
  eden space 24576K, 0% used [0x00000000d5580000,0x00000000d5580000,0x00000000d6d80000)
  from space 4096K, 98% used [0x00000000d6e80000,0x00000000d72733b0,0x00000000d7280000)
  to   space 4096K, 0% used [0x00000000d7280000,0x00000000d7280000,0x00000000d7680000)
 ParOldGen       total 68608K, used 9505K [0x0000000080000000, 0x0000000084300000, 0x00000000d5580000)
  object space 68608K, 13% used [0x0000000080000000,0x0000000080948540,0x0000000084300000)
 Metaspace       used 20682K, committed 21504K, reserved 1114112K
  class space    used 2191K, committed 2560K, reserved 1048576K
}
Event: 6.154 GC heap after
{Heap after GC invocations=8 (full 1):
 PSYoungGen      total 28672K, used 0K [0x00000000d5580000, 0x00000000d7680000, 0x0000000100000000)
  eden space 24576K, 0% used [0x00000000d5580000,0x00000000d5580000,0x00000000d6d80000)
  from space 4096K, 0% used [0x00000000d6e80000,0x00000000d6e80000,0x00000000d7280000)
  to   space 4096K, 0% used [0x00000000d7280000,0x00000000d7280000,0x00000000d7680000)
 ParOldGen       total 68608K, used 12932K [0x0000000080000000, 0x0000000084300000, 0x00000000d5580000)
  object space 68608K, 18% used [0x0000000080000000,0x0000000080ca1178,0x0000000084300000)
 Metaspace       used 20670K, committed 21504K, reserved 1114112K
  class space    used 2187K, committed 2560K, reserved 1048576K
}
Event: 6.356 GC heap before
{Heap before GC invocations=9 (full 1):
 PSYoungGen      total 28672K, used 24576K [0x00000000d5580000, 0x00000000d7680000, 0x0000000100000000)
  eden space 24576K, 100% used [0x00000000d5580000,0x00000000d6d80000,0x00000000d6d80000)
  from space 4096K, 0% used [0x00000000d6e80000,0x00000000d6e80000,0x00000000d7280000)
  to   space 4096K, 0% used [0x00000000d7280000,0x00000000d7280000,0x00000000d7680000)
 ParOldGen       total 68608K, used 12932K [0x0000000080000000, 0x0000000084300000, 0x00000000d5580000)
  object space 68608K, 18% used [0x0000000080000000,0x0000000080ca1178,0x0000000084300000)
 Metaspace       used 23176K, committed 24064K, reserved 1114112K
  class space    used 2350K, committed 2752K, reserved 1048576K
}
Event: 6.357 GC heap after
{Heap after GC invocations=9 (full 1):
 PSYoungGen      total 25088K, used 772K [0x00000000d5580000, 0x00000000d7380000, 0x0000000100000000)
  eden space 24064K, 0% used [0x00000000d5580000,0x00000000d5580000,0x00000000d6d00000)
  from space 1024K, 75% used [0x00000000d7280000,0x00000000d73410e8,0x00000000d7380000)
  to   space 2048K, 0% used [0x00000000d6f80000,0x00000000d6f80000,0x00000000d7180000)
 ParOldGen       total 68608K, used 12932K [0x0000000080000000, 0x0000000084300000, 0x00000000d5580000)
  object space 68608K, 18% used [0x0000000080000000,0x0000000080ca1178,0x0000000084300000)
 Metaspace       used 23176K, committed 24064K, reserved 1114112K
  class space    used 2350K, committed 2752K, reserved 1048576K
}

Dll operation events (10 events):
Event: 0.013 Loaded shared library c:\Users\arthu\.vscode\extensions\redhat.java-1.46.0-win32-x64\jre\21.0.8-win32-x86_64\bin\java.dll
Event: 0.126 Loaded shared library c:\Users\arthu\.vscode\extensions\redhat.java-1.46.0-win32-x64\jre\21.0.8-win32-x86_64\bin\zip.dll
Event: 0.152 Loaded shared library C:\Users\arthu\.vscode\extensions\redhat.java-1.46.0-win32-x64\jre\21.0.8-win32-x86_64\bin\instrument.dll
Event: 0.159 Loaded shared library C:\Users\arthu\.vscode\extensions\redhat.java-1.46.0-win32-x64\jre\21.0.8-win32-x86_64\bin\net.dll
Event: 0.162 Loaded shared library C:\Users\arthu\.vscode\extensions\redhat.java-1.46.0-win32-x64\jre\21.0.8-win32-x86_64\bin\nio.dll
Event: 0.167 Loaded shared library C:\Users\arthu\.vscode\extensions\redhat.java-1.46.0-win32-x64\jre\21.0.8-win32-x86_64\bin\zip.dll
Event: 0.197 Loaded shared library C:\Users\arthu\.vscode\extensions\redhat.java-1.46.0-win32-x64\jre\21.0.8-win32-x86_64\bin\jimage.dll
Event: 0.316 Loaded shared library c:\Users\arthu\.vscode\extensions\redhat.java-1.46.0-win32-x64\jre\21.0.8-win32-x86_64\bin\verify.dll
Event: 2.538 Loaded shared library C:\Users\arthu\AppData\Roaming\Code\User\globalStorage\redhat.java\1.46.0\config_win\org.eclipse.equinox.launcher\org.eclipse.equinox.launcher.win32.win32.x86_64_1.2.1400.v20250801-0854\eclipse_11916.dll
Event: 5.227 Loaded shared library C:\Users\arthu\AppData\Local\Temp\jna-93092528\jna6956663503615965839.dll

Deoptimization events (20 events):
Event: 6.190 Thread 0x0000018a677e6c50 Uncommon trap: trap_request=0xffffff45 fr.pc=0x0000018a557fa814 relative=0x0000000000000074
Event: 6.190 Thread 0x0000018a677e6c50 Uncommon trap: reason=unstable_if action=reinterpret pc=0x0000018a557fa814 method=java.lang.invoke.LambdaForm$BasicType.basicType(C)Ljava/lang/invoke/LambdaForm$BasicType; @ 1 c2
Event: 6.190 Thread 0x0000018a677e6c50 DEOPT PACKING pc=0x0000018a557fa814 sp=0x0000002b9fdf80e0
Event: 6.190 Thread 0x0000018a677e6c50 DEOPT UNPACKING pc=0x0000018a55123aa2 sp=0x0000002b9fdf8078 mode 2
Event: 6.190 Thread 0x0000018a677e6c50 Uncommon trap: trap_request=0xffffff45 fr.pc=0x0000018a557c4c04 relative=0x0000000000001024
Event: 6.190 Thread 0x0000018a677e6c50 Uncommon trap: reason=unstable_if action=reinterpret pc=0x0000018a557c4c04 method=jdk.internal.org.objectweb.asm.Frame.execute(IILjdk/internal/org/objectweb/asm/Symbol;Ljdk/internal/org/objectweb/asm/SymbolTable;)V @ 1 c2
Event: 6.190 Thread 0x0000018a677e6c50 DEOPT PACKING pc=0x0000018a557c4c04 sp=0x0000002b9fdf7e50
Event: 6.190 Thread 0x0000018a677e6c50 DEOPT UNPACKING pc=0x0000018a55123aa2 sp=0x0000002b9fdf7dd8 mode 2
Event: 6.252 Thread 0x0000018a677e6c50 Uncommon trap: trap_request=0xffffff45 fr.pc=0x0000018a558201ac relative=0x00000000000007ac
Event: 6.252 Thread 0x0000018a677e6c50 Uncommon trap: reason=unstable_if action=reinterpret pc=0x0000018a558201ac method=org.lombokweb.asm.ClassReader.readUTF8(I[C)Ljava/lang/String; @ 11 c2
Event: 6.252 Thread 0x0000018a677e6c50 DEOPT PACKING pc=0x0000018a558201ac sp=0x0000002b9fdef570
Event: 6.252 Thread 0x0000018a677e6c50 DEOPT UNPACKING pc=0x0000018a55123aa2 sp=0x0000002b9fdef558 mode 2
Event: 6.536 Thread 0x0000018a677e6c50 Uncommon trap: trap_request=0xffffff45 fr.pc=0x0000018a55829f6c relative=0x000000000000014c
Event: 6.536 Thread 0x0000018a677e6c50 Uncommon trap: reason=unstable_if action=reinterpret pc=0x0000018a55829f6c method=org.lombokweb.asm.ByteVector.putByteArray([BII)Lorg/lombokweb/asm/ByteVector; @ 20 c2
Event: 6.536 Thread 0x0000018a677e6c50 DEOPT PACKING pc=0x0000018a55829f6c sp=0x0000002b9fdeeb00
Event: 6.536 Thread 0x0000018a677e6c50 DEOPT UNPACKING pc=0x0000018a55123aa2 sp=0x0000002b9fdeead0 mode 2
Event: 6.537 Thread 0x0000018a677e6c50 Uncommon trap: trap_request=0xffffff45 fr.pc=0x0000018a558294a4 relative=0x0000000000000364
Event: 6.537 Thread 0x0000018a677e6c50 Uncommon trap: reason=unstable_if action=reinterpret pc=0x0000018a558294a4 method=org.lombokweb.asm.Label.resolve([BLorg/lombokweb/asm/ByteVector;I)Z @ 81 c2
Event: 6.537 Thread 0x0000018a677e6c50 DEOPT PACKING pc=0x0000018a558294a4 sp=0x0000002b9fdeeb90
Event: 6.537 Thread 0x0000018a677e6c50 DEOPT UNPACKING pc=0x0000018a55123aa2 sp=0x0000002b9fdeea98 mode 2

Classes loaded (20 events):
Event: 6.206 Loading class java/io/StringReader
Event: 6.206 Loading class java/io/StringReader done
Event: 6.219 Loading class java/util/zip/GZIPInputStream
Event: 6.219 Loading class java/util/zip/GZIPInputStream done
Event: 6.223 Loading class java/net/SocketTimeoutException
Event: 6.223 Loading class java/io/InterruptedIOException
Event: 6.223 Loading class java/io/InterruptedIOException done
Event: 6.223 Loading class java/net/SocketTimeoutException done
Event: 6.223 Loading class java/net/SocketException
Event: 6.223 Loading class java/net/SocketException done
Event: 6.223 Loading class java/net/UnknownHostException
Event: 6.223 Loading class java/net/UnknownHostException done
Event: 6.223 Loading class java/net/ProtocolException
Event: 6.223 Loading class java/net/ProtocolException done
Event: 6.240 Loading class java/lang/ThreadLocal$SuppliedThreadLocal
Event: 6.240 Loading class java/lang/ThreadLocal$SuppliedThreadLocal done
Event: 6.245 Loading class java/io/FileWriter
Event: 6.245 Loading class java/io/FileWriter done
Event: 6.299 Loading class java/lang/NegativeArraySizeException
Event: 6.299 Loading class java/lang/NegativeArraySizeException done

Classes unloaded (7 events):
Event: 6.126 Thread 0x0000018a4aa53b50 Unloading class 0x0000018a011b1400 'java/lang/invoke/LambdaForm$MH+0x0000018a011b1400'
Event: 6.126 Thread 0x0000018a4aa53b50 Unloading class 0x0000018a011b1000 'java/lang/invoke/LambdaForm$MH+0x0000018a011b1000'
Event: 6.126 Thread 0x0000018a4aa53b50 Unloading class 0x0000018a011b0c00 'java/lang/invoke/LambdaForm$MH+0x0000018a011b0c00'
Event: 6.126 Thread 0x0000018a4aa53b50 Unloading class 0x0000018a011b0800 'java/lang/invoke/LambdaForm$MH+0x0000018a011b0800'
Event: 6.126 Thread 0x0000018a4aa53b50 Unloading class 0x0000018a011b0400 'java/lang/invoke/LambdaForm$BMH+0x0000018a011b0400'
Event: 6.126 Thread 0x0000018a4aa53b50 Unloading class 0x0000018a011b0000 'java/lang/invoke/LambdaForm$DMH+0x0000018a011b0000'
Event: 6.126 Thread 0x0000018a4aa53b50 Unloading class 0x0000018a011aec00 'java/lang/invoke/LambdaForm$DMH+0x0000018a011aec00'

Classes redefined (0 events):
No events

Internal exceptions (20 events):
Event: 5.315 Thread 0x0000018a677e6c50 Exception <a 'java/lang/NoSuchMethodError'{0x00000000d5b62e68}: 'java.lang.Object java.lang.invoke.DirectMethodHandle$Holder.invokeSpecial(java.lang.Object, java.lang.Object, java.lang.Object, long, java.lang.Object)'> (0x00000000d5b62e68) 
thrown [s\src\hotspot\share\interpreter\linkResolver.cpp, line 773]
Event: 5.316 Thread 0x0000018a677e6c50 Exception <a 'java/lang/NoSuchMethodError'{0x00000000d5b6a6b0}: 'java.lang.Object java.lang.invoke.DirectMethodHandle$Holder.newInvokeSpecial(java.lang.Object, java.lang.Object, java.lang.Object, long)'> (0x00000000d5b6a6b0) 
thrown [s\src\hotspot\share\interpreter\linkResolver.cpp, line 773]
Event: 5.316 Thread 0x0000018a677e6c50 Exception <a 'java/lang/NoSuchMethodError'{0x00000000d5b6eaa0}: 'java.lang.Object java.lang.invoke.DirectMethodHandle$Holder.invokeSpecial(java.lang.Object, java.lang.Object, java.lang.Object, java.lang.Object, long)'> (0x00000000d5b6eaa0) 
thrown [s\src\hotspot\share\interpreter\linkResolver.cpp, line 773]
Event: 5.317 Thread 0x0000018a677e6c50 Exception <a 'java/lang/NoSuchMethodError'{0x00000000d5b726c0}: 'java.lang.Object java.lang.invoke.Invokers$Holder.linkToTargetMethod(java.lang.Object, java.lang.Object, long, java.lang.Object)'> (0x00000000d5b726c0) 
thrown [s\src\hotspot\share\interpreter\linkResolver.cpp, line 773]
Event: 5.330 Thread 0x0000018a677e6c50 Exception <a 'java/lang/NoSuchMethodError'{0x00000000d5bd3670}: 'int java.lang.invoke.DirectMethodHandle$Holder.invokeStaticInit(java.lang.Object, java.lang.Object, java.lang.Object)'> (0x00000000d5bd3670) 
thrown [s\src\hotspot\share\interpreter\linkResolver.cpp, line 773]
Event: 5.344 Thread 0x0000018a677e6c50 Exception <a 'java/lang/IncompatibleClassChangeError'{0x00000000d5c94b80}: Found class java.lang.Object, but interface was expected> (0x00000000d5c94b80) 
thrown [s\src\hotspot\share\interpreter\linkResolver.cpp, line 840]
Event: 5.347 Thread 0x0000018a677e6c50 Exception <a 'java/lang/NoSuchMethodError'{0x00000000d5ca4408}: 'java.lang.Object java.lang.invoke.DirectMethodHandle$Holder.invokeSpecial(java.lang.Object, java.lang.Object, java.lang.Object, int, java.lang.Object, java.lang.Object)'> (0x00000000d5ca4408) 
thrown [s\src\hotspot\share\interpreter\linkResolver.cpp, line 773]
Event: 5.348 Thread 0x0000018a677e6c50 Exception <a 'java/lang/NoSuchMethodError'{0x00000000d5cabe20}: 'java.lang.Object java.lang.invoke.DirectMethodHandle$Holder.newInvokeSpecial(java.lang.Object, java.lang.Object, java.lang.Object, int, java.lang.Object)'> (0x00000000d5cabe20) 
thrown [s\src\hotspot\share\interpreter\linkResolver.cpp, line 773]
Event: 5.349 Thread 0x0000018a677e6c50 Exception <a 'java/lang/NoSuchMethodError'{0x00000000d5cafde0}: 'java.lang.Object java.lang.invoke.DirectMethodHandle$Holder.invokeSpecial(java.lang.Object, java.lang.Object, java.lang.Object, java.lang.Object, int, java.lang.Object)'> (0x00000000d5cafde0) 
thrown [s\src\hotspot\share\interpreter\linkResolver.cpp, line 773]
Event: 5.350 Thread 0x0000018a677e6c50 Exception <a 'java/lang/NoSuchMethodError'{0x00000000d5cb3920}: 'java.lang.Object java.lang.invoke.Invokers$Holder.linkToTargetMethod(java.lang.Object, java.lang.Object, int, java.lang.Object, java.lang.Object)'> (0x00000000d5cb3920) 
thrown [s\src\hotspot\share\interpreter\linkResolver.cpp, line 773]
Event: 5.351 Thread 0x0000018a67c39270 Exception <a 'java/lang/NoSuchMethodError'{0x00000000d5bde098}: 'java.lang.Object java.lang.invoke.DirectMethodHandle$Holder.invokeSpecial(java.lang.Object, java.lang.Object, int, java.lang.Object, java.lang.Object)'> (0x00000000d5bde098) 
thrown [s\src\hotspot\share\interpreter\linkResolver.cpp, line 773]
Event: 5.379 Thread 0x0000018a677e6c50 Exception <a 'java/lang/NoSuchMethodError'{0x00000000d5db69d0}: 'void java.lang.invoke.DirectMethodHandle$Holder.invokeSpecial(java.lang.Object, java.lang.Object, java.lang.Object, java.lang.Object, java.lang.Object)'> (0x00000000d5db69d0) 
thrown [s\src\hotspot\share\interpreter\linkResolver.cpp, line 773]
Event: 5.577 Thread 0x0000018a677e6c50 Exception <a 'java/lang/NoSuchMethodError'{0x00000000d656fc40}: 'java.lang.Object java.lang.invoke.DirectMethodHandle$Holder.invokeInterface(java.lang.Object, java.lang.Object, java.lang.Object)'> (0x00000000d656fc40) 
thrown [s\src\hotspot\share\interpreter\linkResolver.cpp, line 773]
Event: 5.677 Thread 0x0000018a677e6c50 Exception <a 'java/lang/NoSuchMethodError'{0x00000000d69e5058}: 'java.lang.Object java.lang.invoke.Invokers$Holder.linkToTargetMethod(java.lang.Object, long, java.lang.Object, java.lang.Object)'> (0x00000000d69e5058) 
thrown [s\src\hotspot\share\interpreter\linkResolver.cpp, line 773]
Event: 5.852 Thread 0x0000018a677e6c50 Exception <a 'java/io/FileNotFoundException'{0x00000000d5927038}> (0x00000000d5927038) 
thrown [s\src\hotspot\share\prims\jni.cpp, line 520]
Event: 5.854 Thread 0x0000018a677e6c50 Exception <a 'java/lang/NoSuchMethodError'{0x00000000d5933c00}: 'java.lang.Object java.lang.invoke.DirectMethodHandle$Holder.newInvokeSpecial(java.lang.Object, int, java.lang.Object, java.lang.Object)'> (0x00000000d5933c00) 
thrown [s\src\hotspot\share\interpreter\linkResolver.cpp, line 773]
Event: 6.013 Thread 0x0000018a677e6c50 Exception <a 'java/lang/NoSuchMethodError'{0x00000000d61a5618}: 'long java.lang.invoke.Invokers$Holder.invokeExact_MT(java.lang.Object, java.lang.Object)'> (0x00000000d61a5618) 
thrown [s\src\hotspot\share\interpreter\linkResolver.cpp, line 773]
Event: 6.190 Thread 0x0000018a677e6c50 Exception <a 'java/lang/NoSuchMethodError'{0x00000000d583bf08}: 'double java.lang.invoke.DirectMethodHandle$Holder.invokeStatic(java.lang.Object, java.lang.Object)'> (0x00000000d583bf08) 
thrown [s\src\hotspot\share\interpreter\linkResolver.cpp, line 773]
Event: 6.192 Thread 0x0000018a677e6c50 Exception <a 'java/lang/NoSuchMethodError'{0x00000000d583f598}: 'double java.lang.invoke.DirectMethodHandle$Holder.invokeStaticInit(java.lang.Object, java.lang.Object)'> (0x00000000d583f598) 
thrown [s\src\hotspot\share\interpreter\linkResolver.cpp, line 773]
Event: 6.536 Thread 0x0000018a677e6c50 Implicit null exception at 0x0000018a55829e75 to 0x0000018a55829f50

ZGC Phase Switch (0 events):
No events

VM Operations (20 events):
Event: 5.169 Executing VM operation: HandshakeAllThreads (Deoptimize)
Event: 5.170 Executing VM operation: HandshakeAllThreads (Deoptimize) done
Event: 5.244 Executing VM operation: HandshakeAllThreads (Deoptimize)
Event: 5.244 Executing VM operation: HandshakeAllThreads (Deoptimize) done
Event: 5.461 Executing VM operation: HandshakeAllThreads (Deoptimize)
Event: 5.461 Executing VM operation: HandshakeAllThreads (Deoptimize) done
Event: 5.520 Executing VM operation: HandshakeAllThreads (Deoptimize)
Event: 5.520 Executing VM operation: HandshakeAllThreads (Deoptimize) done
Event: 5.529 Executing VM operation: HandshakeAllThreads (Deoptimize)
Event: 5.530 Executing VM operation: HandshakeAllThreads (Deoptimize) done
Event: 5.569 Executing VM operation: HandshakeAllThreads (Deoptimize)
Event: 5.569 Executing VM operation: HandshakeAllThreads (Deoptimize) done
Event: 5.621 Executing VM operation: ICBufferFull
Event: 5.621 Executing VM operation: ICBufferFull done
Event: 5.797 Executing VM operation: ParallelGCFailedAllocation (Allocation Failure)
Event: 5.802 Executing VM operation: ParallelGCFailedAllocation (Allocation Failure) done
Event: 6.117 Executing VM operation: CollectForMetadataAllocation (Metadata GC Threshold)
Event: 6.154 Executing VM operation: CollectForMetadataAllocation (Metadata GC Threshold) done
Event: 6.354 Executing VM operation: ParallelGCFailedAllocation (Allocation Failure)
Event: 6.357 Executing VM operation: ParallelGCFailedAllocation (Allocation Failure) done

Memory protections (0 events):
No events

Nmethod flushes (0 events):
No events

Events (20 events):
Event: 0.493 Thread 0x0000018a4857ca30 Thread added: 0x0000018a6709f4c0
Event: 1.439 Thread 0x0000018a62884a00 Thread exited: 0x0000018a62884a00
Event: 1.766 Thread 0x0000018a62598f60 Thread added: 0x0000018a671b9890
Event: 2.170 Thread 0x0000018a4857ca30 Thread added: 0x0000018a675cffa0
Event: 2.523 Thread 0x0000018a4857ca30 Thread added: 0x0000018a67066620
Event: 2.595 Thread 0x0000018a67066620 Thread added: 0x0000018a6787c140
Event: 2.609 Thread 0x0000018a4857ca30 Thread added: 0x0000018a677e6c50
Event: 2.632 Thread 0x0000018a671b9890 Thread exited: 0x0000018a671b9890
Event: 2.953 Thread 0x0000018a62598f60 Thread added: 0x0000018a6785dd30
Event: 3.462 Thread 0x0000018a677e6c50 Thread added: 0x0000018a67b075e0
Event: 4.105 Thread 0x0000018a6785dd30 Thread exited: 0x0000018a6785dd30
Event: 4.149 Thread 0x0000018a677e6c50 Thread added: 0x0000018a67c07ea0
Event: 4.314 Thread 0x0000018a4a8f1ae0 Thread added: 0x0000018a67d3ed30
Event: 4.661 Thread 0x0000018a677e6c50 Thread added: 0x0000018a67c38550
Event: 4.690 Thread 0x0000018a67d3ed30 Thread exited: 0x0000018a67d3ed30
Event: 5.011 Thread 0x0000018a62598f60 Thread added: 0x0000018a67f89e90
Event: 5.271 Thread 0x0000018a677e6c50 Thread added: 0x0000018a67c39900
Event: 5.322 Thread 0x0000018a677e6c50 Thread added: 0x0000018a67c39270
Event: 5.354 Thread 0x0000018a677e6c50 Thread added: 0x0000018a67c37ec0
Event: 6.407 Thread 0x0000018a67f89e90 Thread exited: 0x0000018a67f89e90


Dynamic libraries:
0x00007ff7834d0000 - 0x00007ff7834de000 	c:\Users\arthu\.vscode\extensions\redhat.java-1.46.0-win32-x64\jre\21.0.8-win32-x86_64\bin\java.exe
0x00007ffbc1d20000 - 0x00007ffbc1f89000 	C:\Windows\SYSTEM32\ntdll.dll
0x00007ffbc07e0000 - 0x00007ffbc08a9000 	C:\Windows\System32\KERNEL32.DLL
0x00007ffbbf0c0000 - 0x00007ffbbf4b3000 	C:\Windows\System32\KERNELBASE.dll
0x00007ffbbba20000 - 0x00007ffbbbabe000 	C:\Windows\SYSTEM32\apphelp.dll
0x00007ffbbef70000 - 0x00007ffbbf0bb000 	C:\Windows\System32\ucrtbase.dll
0x00007ffb7eae0000 - 0x00007ffb7eafe000 	c:\Users\arthu\.vscode\extensions\redhat.java-1.46.0-win32-x64\jre\21.0.8-win32-x86_64\bin\VCRUNTIME140.dll
0x00007ffba3630000 - 0x00007ffba3648000 	c:\Users\arthu\.vscode\extensions\redhat.java-1.46.0-win32-x64\jre\21.0.8-win32-x86_64\bin\jli.dll
0x00007ffbbfdc0000 - 0x00007ffbbff84000 	C:\Windows\System32\USER32.dll
0x00007ffbbeeb0000 - 0x00007ffbbeed7000 	C:\Windows\System32\win32u.dll
0x00007ffb9b860000 - 0x00007ffb9baf3000 	C:\Windows\WinSxS\amd64_microsoft.windows.common-controls_6595b64144ccf1df_6.0.26100.5074_none_3e0d6f78e32fd63f\COMCTL32.dll
0x00007ffbbfc30000 - 0x00007ffbbfc5b000 	C:\Windows\System32\GDI32.dll
0x00007ffbc1c30000 - 0x00007ffbc1cd9000 	C:\Windows\System32\msvcrt.dll
0x00007ffbbf920000 - 0x00007ffbbfa4d000 	C:\Windows\System32\gdi32full.dll
0x00007ffbbf630000 - 0x00007ffbbf6d3000 	C:\Windows\System32\msvcp_win.dll
0x00007ffbc09e0000 - 0x00007ffbc0a0f000 	C:\Windows\System32\IMM32.DLL
0x00007ffbac220000 - 0x00007ffbac22c000 	c:\Users\arthu\.vscode\extensions\redhat.java-1.46.0-win32-x64\jre\21.0.8-win32-x86_64\bin\vcruntime140_1.dll
0x00007ffb5ba50000 - 0x00007ffb5badd000 	c:\Users\arthu\.vscode\extensions\redhat.java-1.46.0-win32-x64\jre\21.0.8-win32-x86_64\bin\msvcp140.dll
0x00007ffb042f0000 - 0x00007ffb05087000 	c:\Users\arthu\.vscode\extensions\redhat.java-1.46.0-win32-x64\jre\21.0.8-win32-x86_64\bin\server\jvm.dll
0x00007ffbbfcd0000 - 0x00007ffbbfd84000 	C:\Windows\System32\ADVAPI32.dll
0x00007ffbc0930000 - 0x00007ffbc09d6000 	C:\Windows\System32\sechost.dll
0x00007ffbbfaf0000 - 0x00007ffbbfc08000 	C:\Windows\System32\RPCRT4.dll
0x00007ffbc0710000 - 0x00007ffbc0784000 	C:\Windows\System32\WS2_32.dll
0x00007ffbbed10000 - 0x00007ffbbed6e000 	C:\Windows\SYSTEM32\POWRPROF.dll
0x00007ffbb6750000 - 0x00007ffbb6785000 	C:\Windows\SYSTEM32\WINMM.dll
0x00007ffbaf6e0000 - 0x00007ffbaf6eb000 	C:\Windows\SYSTEM32\VERSION.dll
0x00007ffbbecf0000 - 0x00007ffbbed04000 	C:\Windows\SYSTEM32\UMPDC.dll
0x00007ffbbdc70000 - 0x00007ffbbdc8b000 	C:\Windows\SYSTEM32\kernel.appcore.dll
0x00007ffbabe90000 - 0x00007ffbabe9a000 	c:\Users\arthu\.vscode\extensions\redhat.java-1.46.0-win32-x64\jre\21.0.8-win32-x86_64\bin\jimage.dll
0x00007ffbbc500000 - 0x00007ffbbc742000 	C:\Windows\SYSTEM32\DBGHELP.DLL
0x00007ffbc1270000 - 0x00007ffbc15eb000 	C:\Windows\System32\combase.dll
0x00007ffbc0c80000 - 0x00007ffbc0d57000 	C:\Windows\System32\OLEAUT32.dll
0x00007ffb9a070000 - 0x00007ffb9a0ad000 	C:\Windows\SYSTEM32\dbgcore.DLL
0x00007ffbbfa50000 - 0x00007ffbbfae9000 	C:\Windows\System32\bcryptPrimitives.dll
0x00007ffb9aab0000 - 0x00007ffb9aabf000 	c:\Users\arthu\.vscode\extensions\redhat.java-1.46.0-win32-x64\jre\21.0.8-win32-x86_64\bin\instrument.dll
0x00007ffb77ac0000 - 0x00007ffb77adf000 	c:\Users\arthu\.vscode\extensions\redhat.java-1.46.0-win32-x64\jre\21.0.8-win32-x86_64\bin\java.dll
0x00007ffbbffc0000 - 0x00007ffbc070d000 	C:\Windows\System32\SHELL32.dll
0x00007ffbbf4c0000 - 0x00007ffbbf62c000 	C:\Windows\System32\wintypes.dll
0x00007ffbbcae0000 - 0x00007ffbbd339000 	C:\Windows\SYSTEM32\windows.storage.dll
0x00007ffbc16f0000 - 0x00007ffbc17e0000 	C:\Windows\System32\SHCORE.dll
0x00007ffbbfc60000 - 0x00007ffbbfcc2000 	C:\Windows\System32\shlwapi.dll
0x00007ffbbedd0000 - 0x00007ffbbedf9000 	C:\Windows\SYSTEM32\profapi.dll
0x00007ffb64280000 - 0x00007ffb64298000 	c:\Users\arthu\.vscode\extensions\redhat.java-1.46.0-win32-x64\jre\21.0.8-win32-x86_64\bin\zip.dll
0x00007ffbab720000 - 0x00007ffbab730000 	C:\Users\arthu\.vscode\extensions\redhat.java-1.46.0-win32-x64\jre\21.0.8-win32-x86_64\bin\net.dll
0x00007ffbafa00000 - 0x00007ffbafb1f000 	C:\Windows\SYSTEM32\WINHTTP.dll
0x00007ffbbe210000 - 0x00007ffbbe27b000 	C:\Windows\system32\mswsock.dll
0x00007ffb641f0000 - 0x00007ffb64206000 	C:\Users\arthu\.vscode\extensions\redhat.java-1.46.0-win32-x64\jre\21.0.8-win32-x86_64\bin\nio.dll
0x00007ffb9bb00000 - 0x00007ffb9bb10000 	c:\Users\arthu\.vscode\extensions\redhat.java-1.46.0-win32-x64\jre\21.0.8-win32-x86_64\bin\verify.dll
0x00007ffb5e570000 - 0x00007ffb5e5b4000 	C:\Users\arthu\AppData\Roaming\Code\User\globalStorage\redhat.java\1.46.0\config_win\org.eclipse.equinox.launcher\org.eclipse.equinox.launcher.win32.win32.x86_64_1.2.1400.v20250801-0854\eclipse_11916.dll
0x00007ffbc0a20000 - 0x00007ffbc0bb8000 	C:\Windows\System32\ole32.dll
0x00007ffbbe4b0000 - 0x00007ffbbe4cb000 	C:\Windows\SYSTEM32\CRYPTSP.dll
0x00007ffbbdbd0000 - 0x00007ffbbdc0b000 	C:\Windows\system32\rsaenh.dll
0x00007ffbbe2b0000 - 0x00007ffbbe2db000 	C:\Windows\SYSTEM32\USERENV.dll
0x00007ffbbeda0000 - 0x00007ffbbedc6000 	C:\Windows\SYSTEM32\bcrypt.dll
0x00007ffbbe4d0000 - 0x00007ffbbe4dc000 	C:\Windows\SYSTEM32\CRYPTBASE.dll
0x00007ffbbd660000 - 0x00007ffbbd694000 	C:\Windows\SYSTEM32\IPHLPAPI.DLL
0x00007ffbbffb0000 - 0x00007ffbbffba000 	C:\Windows\System32\NSI.dll
0x00007ffb5c2e0000 - 0x00007ffb5c329000 	C:\Users\arthu\AppData\Local\Temp\jna-93092528\jna6956663503615965839.dll
0x00007ffbc1a40000 - 0x00007ffbc1a48000 	C:\Windows\System32\PSAPI.DLL

JVMTI agents:
c:\Users\arthu\.vscode\extensions\redhat.java-1.46.0-win32-x64\lombok\lombok-1.18.39-4050.jar path:c:\Users\arthu\.vscode\extensions\redhat.java-1.46.0-win32-x64\jre\21.0.8-win32-x86_64\bin\instrument.dll, loaded, initialized, instrumentlib options:none

dbghelp: loaded successfully - version: 4.0.5 - missing functions: none
symbol engine: initialized successfully - sym options: 0x614 - pdb path: .;c:\Users\arthu\.vscode\extensions\redhat.java-1.46.0-win32-x64\jre\21.0.8-win32-x86_64\bin;C:\Windows\SYSTEM32;C:\Windows\WinSxS\amd64_microsoft.windows.common-controls_6595b64144ccf1df_6.0.26100.5074_none_3e0d6f78e32fd63f;c:\Users\arthu\.vscode\extensions\redhat.java-1.46.0-win32-x64\jre\21.0.8-win32-x86_64\bin\server;C:\Users\arthu\AppData\Roaming\Code\User\globalStorage\redhat.java\1.46.0\config_win\org.eclipse.equinox.launcher\org.eclipse.equinox.launcher.win32.win32.x86_64_1.2.1400.v20250801-0854;C:\Users\arthu\AppData\Local\Temp\jna-93092528

VM Arguments:
jvm_args: --add-modules=ALL-SYSTEM --add-opens=java.base/java.util=ALL-UNNAMED --add-opens=java.base/java.lang=ALL-UNNAMED --add-opens=java.base/sun.nio.fs=ALL-UNNAMED -Declipse.application=org.eclipse.jdt.ls.core.id1 -Dosgi.bundles.defaultStartLevel=4 -Declipse.product=org.eclipse.jdt.ls.core.product -Djava.import.generatesMetadataFilesAtProjectRoot=false -DDetectVMInstallationsJob.disabled=true -Dfile.encoding=utf8 -XX:+UseParallelGC -XX:GCTimeRatio=4 -XX:AdaptiveSizePolicyWeight=90 -Dsun.zip.disableMemoryMapping=true -Xmx2G -Xms100m -Xlog:disable -javaagent:c:\Users\arthu\.vscode\extensions\redhat.java-1.46.0-win32-x64\lombok\lombok-1.18.39-4050.jar -XX:+HeapDumpOnOutOfMemoryError -XX:HeapDumpPath=c:\Users\arthu\AppData\Roaming\Code\User\workspaceStorage\fd07c98ef1eabca4411f8b501041ee0a\redhat.java -Daether.dependencyCollector.impl=bf 
java_command: c:\Users\arthu\.vscode\extensions\redhat.java-1.46.0-win32-x64\server\plugins\org.eclipse.equinox.launcher_1.7.0.v20250519-0528.jar -configuration c:\Users\arthu\AppData\Roaming\Code\User\globalStorage\redhat.java\1.46.0\config_win -data c:\Users\arthu\AppData\Roaming\Code\User\workspaceStorage\fd07c98ef1eabca4411f8b501041ee0a\redhat.java\jdt_ws --pipe=\\.\pipe\lsp-7f736da0aab25ed1af42ecdddad96bad-sock
java_class_path (initial): c:\Users\arthu\.vscode\extensions\redhat.java-1.46.0-win32-x64\server\plugins\org.eclipse.equinox.launcher_1.7.0.v20250519-0528.jar
Launcher Type: SUN_STANDARD

[Global flags]
    uintx AdaptiveSizePolicyWeight                 = 90                                        {product} {command line}
     intx CICompilerCount                          = 3                                         {product} {ergonomic}
    uintx GCTimeRatio                              = 4                                         {product} {command line}
     bool HeapDumpOnOutOfMemoryError               = true                                   {manageable} {command line}
    ccstr HeapDumpPath                             = c:\Users\arthu\AppData\Roaming\Code\User\workspaceStorage\fd07c98ef1eabca4411f8b501041ee0a\redhat.java         {manageable} {command line}
   size_t InitialHeapSize                          = 104857600                                 {product} {command line}
   size_t MaxHeapSize                              = 2147483648                                {product} {command line}
   size_t MaxNewSize                               = 715653120                                 {product} {ergonomic}
   size_t MinHeapDeltaBytes                        = 524288                                    {product} {ergonomic}
   size_t MinHeapSize                              = 104857600                                 {product} {command line}
   size_t NewSize                                  = 34603008                                  {product} {ergonomic}
    uintx NonNMethodCodeHeapSize                   = 5832780                                {pd product} {ergonomic}
    uintx NonProfiledCodeHeapSize                  = 122912730                              {pd product} {ergonomic}
   size_t OldSize                                  = 70254592                                  {product} {ergonomic}
    uintx ProfiledCodeHeapSize                     = 122912730                              {pd product} {ergonomic}
    uintx ReservedCodeCacheSize                    = 251658240                              {pd product} {ergonomic}
     bool SegmentedCodeCache                       = true                                      {product} {ergonomic}
   size_t SoftMaxHeapSize                          = 2147483648                             {manageable} {ergonomic}
     bool UseCompressedOops                        = true                           {product lp64_product} {ergonomic}
     bool UseLargePagesIndividualAllocation        = false                                  {pd product} {ergonomic}
     bool UseParallelGC                            = true                                      {product} {command line}

Logging:
Log output configuration:
 #0: stdout all=off uptime,level,tags foldmultilines=false
 #1: stderr all=off uptime,level,tags foldmultilines=false

Environment Variables:
JAVA_HOME=C:\Program Files\Java\jdk-25/jdk-25
PATH=C:\Windows\system32;C:\Windows;C:\Windows\System32\Wbem;C:\Windows\System32\WindowsPowerShell\v1.0\;C:\Windows\System32\OpenSSH\;C:\Program Files\dotnet\;C:\Program Files\MATLAB\R2025a\bin;C:\Program Files\Git\cmd;C:\Program Files\Microsoft SQL Server\170\DTS\Binn\;C:\Program Files\Apache\Maven\maven\bin;C:\Wind;C:\Program Files\Java\jdk-25\jdk-25\bin;C:\Users\arthu\AppData\Local\Programs\Microsoft VS Code\bin
USERNAME=arthu
OS=Windows_NT
PROCESSOR_IDENTIFIER=Intel64 Family 6 Model 186 Stepping 3, GenuineIntel
TMP=C:\Users\arthu\AppData\Local\Temp
TEMP=C:\Users\arthu\AppData\Local\Temp




Periodic native trim disabled

---------------  S Y S T E M  ---------------

OS:
 Windows 11 , 64 bit Build 26100 (10.0.26100.5074)
OS uptime: 2 days 10:02 hours
Hyper-V role detected

CPU: total 6 (initial active 6) (3 cores per cpu, 2 threads per core) family 6 model 186 stepping 3 microcode 0x411f, cx8, cmov, fxsr, ht, mmx, 3dnowpref, sse, sse2, sse3, ssse3, sse4.1, sse4.2, popcnt, lzcnt, tsc, tscinvbit, avx, avx2, aes, erms, clmul, bmi1, bmi2, adx, sha, fma, vzeroupper, clflush, clflushopt, clwb, hv, serialize, rdtscp, rdpid, fsrm, f16c, cet_ibt, cet_ss
Processor Information for processor 0
  Max Mhz: 1200, Current Mhz: 1200, Mhz Limit: 1200
Processor Information for processor 1
  Max Mhz: 1200, Current Mhz: 1200, Mhz Limit: 1200
Processor Information for processor 2
  Max Mhz: 1200, Current Mhz: 900, Mhz Limit: 900
Processor Information for processor 3
  Max Mhz: 1200, Current Mhz: 900, Mhz Limit: 900
Processor Information for processor 4
  Max Mhz: 1200, Current Mhz: 900, Mhz Limit: 900
Processor Information for processor 5
  Max Mhz: 1200, Current Mhz: 900, Mhz Limit: 900

Memory: 4k page, system-wide physical 7864M (903M free)
TotalPageFile size 15864M (AvailPageFile size 284M)
current process WorkingSet (physical memory assigned to process): 157M, peak: 157M
current process commit charge ("private bytes"): 279M, peak: 279M

vm_info: OpenJDK 64-Bit Server VM (21.0.8+9-LTS) for windows-amd64 JRE (21.0.8+9-LTS), built on 2025-07-15T00:00:00Z by "admin" with MS VC++ 17.7 (VS2022)

END.
