#
# There is insufficient memory for the Java Runtime Environment to continue.
# Native memory allocation (malloc) failed to allocate 1048576 bytes. Error detail: AllocateHeap
# Possible reasons:
#   The system is out of physical RAM or swap space
#   This process is running with CompressedOops enabled, and the Java Heap may be blocking the growth of the native heap
# Possible solutions:
#   Reduce memory load on the system
#   Increase physical memory or swap space
#   Check if swap backing store is full
#   Decrease Java heap size (-Xmx/-Xms)
#   Decrease number of Java threads
#   Decrease Java thread stack sizes (-Xss)
#   Set larger code cache with -XX:ReservedCodeCacheSize=
#   JVM is running with Unscaled Compressed Oops mode in which the Java heap is
#     placed in the first 4GB address space. The Java Heap base address is the
#     maximum limit for the native heap growth. Please use -XX:HeapBaseMinAddress
#     to set the Java Heap base and to place the Java Heap above 4GB virtual address.
# This output file may be truncated or incomplete.
#
#  Out of Memory Error (allocation.cpp:44), pid=34920, tid=10456
#
# JRE version:  (21.0.8+9) (build )
# Java VM: OpenJDK 64-Bit Server VM (21.0.8+9-LTS, mixed mode, tiered, compressed oops, compressed class ptrs, parallel gc, windows-amd64)
# No core dump will be written. Minidumps are not enabled by default on client versions of Windows
#

---------------  S U M M A R Y ------------

Command Line: --add-modules=ALL-SYSTEM --add-opens=java.base/java.util=ALL-UNNAMED --add-opens=java.base/java.lang=ALL-UNNAMED --add-opens=java.base/sun.nio.fs=ALL-UNNAMED -Declipse.application=org.eclipse.jdt.ls.core.id1 -Dosgi.bundles.defaultStartLevel=4 -Declipse.product=org.eclipse.jdt.ls.core.product -Djava.import.generatesMetadataFilesAtProjectRoot=false -DDetectVMInstallationsJob.disabled=true -Dfile.encoding=utf8 -XX:+UseParallelGC -XX:GCTimeRatio=4 -XX:AdaptiveSizePolicyWeight=90 -Dsun.zip.disableMemoryMapping=true -Xmx2G -Xms100m -Xlog:disable -javaagent:c:\Users\arthu\.vscode\extensions\redhat.java-1.46.0-win32-x64\lombok\lombok-1.18.39-4050.jar c:\Users\arthu\.vscode\extensions\redhat.java-1.46.0-win32-x64\server\plugins\org.eclipse.equinox.launcher_1.7.0.v20250519-0528.jar -configuration c:\Users\arthu\AppData\Roaming\Code\User\globalStorage\redhat.java\1.46.0\config_ss_win -data c:\Users\arthu\AppData\Roaming\Code\User\workspaceStorage\fd07c98ef1eabca4411f8b501041ee0a\redhat.java\ss_ws --pipe=\\.\pipe\lsp-2ddd5caa8408eecd21b24f00f9629cc6-sock

Host: Intel(R) Processor U300, 6 cores, 7G,  Windows 11 , 64 bit Build 26100 (10.0.26100.5074)
Time: Thu Oct  9 23:08:01 2025 Hora oficial do Brasil elapsed time: 0.225406 seconds (0d 0h 0m 0s)

---------------  T H R E A D  ---------------

Current thread (0x000001cc1d766dd0):  JavaThread "Unknown thread" [_thread_in_vm, id=10456, stack(0x00000094cfe00000,0x00000094cff00000) (1024K)]

Stack: [0x00000094cfe00000,0x00000094cff00000]
Native frames: (J=compiled Java code, j=interpreted, Vv=VM code, C=native code)
V  [jvm.dll+0x6d2449]
V  [jvm.dll+0x8ae341]
V  [jvm.dll+0x8b08be]
V  [jvm.dll+0x8b0fa3]
V  [jvm.dll+0x280c96]
V  [jvm.dll+0xc0347]
V  [jvm.dll+0x706372]
V  [jvm.dll+0x7070ac]
V  [jvm.dll+0x6e0f43]
V  [jvm.dll+0x877c7c]
V  [jvm.dll+0x3becec]
V  [jvm.dll+0x8606d8]
V  [jvm.dll+0x4530ee]
V  [jvm.dll+0x454d31]
C  [jli.dll+0x5278]
C  [ucrtbase.dll+0x37b0]
C  [KERNEL32.DLL+0x2e8d7]
C  [ntdll.dll+0x8d9c]


---------------  P R O C E S S  ---------------

Threads class SMR info:
_java_thread_list=0x000001cc1d7841f0, length=1, elements={
0x000001cc1d766dd0
}

Java Threads: ( => current thread )
=>0x000001cc1d766dd0 JavaThread "Unknown thread"             [_thread_in_vm, id=10456, stack(0x00000094cfe00000,0x00000094cff00000) (1024K)]
Total: 1

Other Threads:
  0x000001cc1d5dca00 WatcherThread "VM Periodic Task Thread"        [id=17352, stack(0x00000094d0000000,0x00000094d0100000) (1024K)]
  0x000001cc1b3eacc0 WorkerThread "GC Thread#0"                     [id=22996, stack(0x00000094cff00000,0x00000094d0000000) (1024K)]
Total: 2

Threads with active compile tasks:
Total: 0

VM state: not at safepoint (normal execution)

VM Mutex/Monitor currently owned by a thread: None

Heap address: 0x0000000080000000, size: 2048 MB, Compressed Oops mode: 32-bit

CDS archive(s) not mapped
Compressed class space mapped at: 0x0000000100000000-0x0000000140000000, reserved size: 1073741824
Narrow klass base: 0x0000000000000000, Narrow klass shift: 3, Narrow klass range: 0x140000000

GC Precious Log:
 CardTable entry size: 512
 CPUs: 6 total, 6 available
 Memory: 7864M
 Large Page Support: Disabled
 NUMA Support: Disabled
 Compressed Oops: Enabled (32-bit)
 Alignments: Space 512K, Generation 512K, Heap 2M
 Heap Min Capacity: 100M
 Heap Initial Capacity: 100M
 Heap Max Capacity: 2G
 Pre-touch: Disabled
 Parallel Workers: 6

Heap:
 PSYoungGen      total 29696K, used 512K [0x00000000d5580000, 0x00000000d7680000, 0x0000000100000000)
  eden space 25600K, 2% used [0x00000000d5580000,0x00000000d5600070,0x00000000d6e80000)
  from space 4096K, 0% used [0x00000000d7280000,0x00000000d7280000,0x00000000d7680000)
  to   space 4096K, 0% used [0x00000000d6e80000,0x00000000d6e80000,0x00000000d7280000)
 ParOldGen       total 68608K, used 0K [0x0000000080000000, 0x0000000084300000, 0x00000000d5580000)
  object space 68608K, 0% used [0x0000000080000000,0x0000000080000000,0x0000000084300000)
 Metaspace       used 1396K, committed 1472K, reserved 1114112K
  class space    used 112K, committed 128K, reserved 1048576K

Card table byte_map: [0x000001cc1d0f0000,0x000001cc1d500000] _byte_map_base: 0x000001cc1ccf0000

Marking Bits: (ParMarkBitMap*) 0x00007ffb239ea340
 Begin Bits: [0x000001cc2fbf0000, 0x000001cc31bf0000)
 End Bits:   [0x000001cc31bf0000, 0x000001cc33bf0000)

Polling page: 0x000001cc1b570000

Metaspace:

Usage:
  Non-class:      1.25 MB used.
      Class:    112.47 KB used.
       Both:      1.36 MB used.

Virtual space:
  Non-class space:       64.00 MB reserved,       1.31 MB (  2%) committed,  1 nodes.
      Class space:        1.00 GB reserved,     128.00 KB ( <1%) committed,  1 nodes.
             Both:        1.06 GB reserved,       1.44 MB ( <1%) committed. 

Chunk freelists:
   Non-Class:  12.00 MB
       Class:  15.75 MB
        Both:  27.75 MB

MaxMetaspaceSize: unlimited
CompressedClassSpaceSize: 1.00 GB
Initial GC threshold: 21.00 MB
Current GC threshold: 17179869184.00 GB
CDS: off
 - commit_granule_bytes: 65536.
 - commit_granule_words: 8192.
 - virtual_space_node_default_size: 8388608.
 - enlarge_chunks_in_place: 1.
 - use_allocation_guard: 0.


Internal statistics:

num_allocs_failed_limit: 0.
num_arena_births: 2.
num_arena_deaths: 0.
num_vsnodes_births: 2.
num_vsnodes_deaths: 0.
num_space_committed: 23.
num_space_uncommitted: 0.
num_chunks_returned_to_freelist: 0.
num_chunks_taken_from_freelist: 3.
num_chunk_merges: 0.
num_chunk_splits: 2.
num_chunks_enlarged: 0.
num_inconsistent_stats: 0.

CodeHeap 'non-profiled nmethods': size=120000Kb used=0Kb max_used=0Kb free=120000Kb
 bounds [0x000001cc28410000, 0x000001cc28680000, 0x000001cc2f940000]
CodeHeap 'profiled nmethods': size=120000Kb used=0Kb max_used=0Kb free=120000Kb
 bounds [0x000001cc20940000, 0x000001cc20bb0000, 0x000001cc27e70000]
CodeHeap 'non-nmethods': size=5760Kb used=194Kb max_used=342Kb free=5565Kb
 bounds [0x000001cc27e70000, 0x000001cc280e0000, 0x000001cc28410000]
CodeCache: size=245760Kb, used=194Kb, max_used=342Kb, free=245565Kb
 total_blobs=70, nmethods=0, adapters=48, full_count=0
Compilation: enabled, stopped_count=0, restarted_count=0

Compilation events (0 events):
No events

GC Heap History (0 events):
No events

Dll operation events (2 events):
Event: 0.023 Loaded shared library c:\Users\arthu\.vscode\extensions\redhat.java-1.46.0-win32-x64\jre\21.0.8-win32-x86_64\bin\java.dll
Event: 0.132 Loaded shared library c:\Users\arthu\.vscode\extensions\redhat.java-1.46.0-win32-x64\jre\21.0.8-win32-x86_64\bin\zip.dll

Deoptimization events (0 events):
No events

Classes loaded (20 events):
Event: 0.186 Loading class java/util/Iterator
Event: 0.186 Loading class java/util/Iterator done
Event: 0.186 Loading class java/lang/reflect/RecordComponent
Event: 0.186 Loading class java/lang/reflect/RecordComponent done
Event: 0.186 Loading class jdk/internal/vm/vector/VectorSupport
Event: 0.187 Loading class jdk/internal/vm/vector/VectorSupport done
Event: 0.187 Loading class jdk/internal/vm/vector/VectorSupport$VectorPayload
Event: 0.187 Loading class jdk/internal/vm/vector/VectorSupport$VectorPayload done
Event: 0.187 Loading class jdk/internal/vm/vector/VectorSupport$Vector
Event: 0.187 Loading class jdk/internal/vm/vector/VectorSupport$Vector done
Event: 0.187 Loading class jdk/internal/vm/vector/VectorSupport$VectorMask
Event: 0.187 Loading class jdk/internal/vm/vector/VectorSupport$VectorMask done
Event: 0.187 Loading class jdk/internal/vm/vector/VectorSupport$VectorShuffle
Event: 0.187 Loading class jdk/internal/vm/vector/VectorSupport$VectorShuffle done
Event: 0.187 Loading class jdk/internal/vm/FillerObject
Event: 0.187 Loading class jdk/internal/vm/FillerObject done
Event: 0.190 Loading class java/lang/NullPointerException
Event: 0.190 Loading class java/lang/NullPointerException done
Event: 0.190 Loading class java/lang/ArithmeticException
Event: 0.190 Loading class java/lang/ArithmeticException done

Classes unloaded (0 events):
No events

Classes redefined (0 events):
No events

Internal exceptions (0 events):
No events

ZGC Phase Switch (0 events):
No events

VM Operations (0 events):
No events

Memory protections (0 events):
No events

Nmethod flushes (0 events):
No events

Events (1 events):
Event: 0.127 Thread 0x000001cc1d766dd0 Thread added: 0x000001cc1d766dd0


Dynamic libraries:
0x00007ff64a250000 - 0x00007ff64a25e000 	c:\Users\arthu\.vscode\extensions\redhat.java-1.46.0-win32-x64\jre\21.0.8-win32-x86_64\bin\java.exe
0x00007ffbc1d20000 - 0x00007ffbc1f89000 	C:\Windows\SYSTEM32\ntdll.dll
0x00007ffbc07e0000 - 0x00007ffbc08a9000 	C:\Windows\System32\KERNEL32.DLL
0x00007ffbbf0c0000 - 0x00007ffbbf4b3000 	C:\Windows\System32\KERNELBASE.dll
0x00007ffbbba20000 - 0x00007ffbbbabe000 	C:\Windows\SYSTEM32\apphelp.dll
0x00007ffbbef70000 - 0x00007ffbbf0bb000 	C:\Windows\System32\ucrtbase.dll
0x00007ffbacce0000 - 0x00007ffbaccf8000 	c:\Users\arthu\.vscode\extensions\redhat.java-1.46.0-win32-x64\jre\21.0.8-win32-x86_64\bin\jli.dll
0x00007ffbac3a0000 - 0x00007ffbac3be000 	c:\Users\arthu\.vscode\extensions\redhat.java-1.46.0-win32-x64\jre\21.0.8-win32-x86_64\bin\VCRUNTIME140.dll
0x00007ffbbfdc0000 - 0x00007ffbbff84000 	C:\Windows\System32\USER32.dll
0x00007ffbbeeb0000 - 0x00007ffbbeed7000 	C:\Windows\System32\win32u.dll
0x00007ffbbfc30000 - 0x00007ffbbfc5b000 	C:\Windows\System32\GDI32.dll
0x00007ffb9b860000 - 0x00007ffb9baf3000 	C:\Windows\WinSxS\amd64_microsoft.windows.common-controls_6595b64144ccf1df_6.0.26100.5074_none_3e0d6f78e32fd63f\COMCTL32.dll
0x00007ffbbf920000 - 0x00007ffbbfa4d000 	C:\Windows\System32\gdi32full.dll
0x00007ffbbf630000 - 0x00007ffbbf6d3000 	C:\Windows\System32\msvcp_win.dll
0x00007ffbc1c30000 - 0x00007ffbc1cd9000 	C:\Windows\System32\msvcrt.dll
0x00007ffbc09e0000 - 0x00007ffbc0a0f000 	C:\Windows\System32\IMM32.DLL
0x00007ffbacd50000 - 0x00007ffbacd5c000 	c:\Users\arthu\.vscode\extensions\redhat.java-1.46.0-win32-x64\jre\21.0.8-win32-x86_64\bin\vcruntime140_1.dll
0x00007ffb60040000 - 0x00007ffb600cd000 	c:\Users\arthu\.vscode\extensions\redhat.java-1.46.0-win32-x64\jre\21.0.8-win32-x86_64\bin\msvcp140.dll
0x00007ffb22d30000 - 0x00007ffb23ac7000 	c:\Users\arthu\.vscode\extensions\redhat.java-1.46.0-win32-x64\jre\21.0.8-win32-x86_64\bin\server\jvm.dll
0x00007ffbbfcd0000 - 0x00007ffbbfd84000 	C:\Windows\System32\ADVAPI32.dll
0x00007ffbc0930000 - 0x00007ffbc09d6000 	C:\Windows\System32\sechost.dll
0x00007ffbbfaf0000 - 0x00007ffbbfc08000 	C:\Windows\System32\RPCRT4.dll
0x00007ffbc0710000 - 0x00007ffbc0784000 	C:\Windows\System32\WS2_32.dll
0x00007ffbbed10000 - 0x00007ffbbed6e000 	C:\Windows\SYSTEM32\POWRPROF.dll
0x00007ffbb6750000 - 0x00007ffbb6785000 	C:\Windows\SYSTEM32\WINMM.dll
0x00007ffbaf6e0000 - 0x00007ffbaf6eb000 	C:\Windows\SYSTEM32\VERSION.dll
0x00007ffbbecf0000 - 0x00007ffbbed04000 	C:\Windows\SYSTEM32\UMPDC.dll
0x00007ffbbdc70000 - 0x00007ffbbdc8b000 	C:\Windows\SYSTEM32\kernel.appcore.dll
0x00007ffbac250000 - 0x00007ffbac25a000 	c:\Users\arthu\.vscode\extensions\redhat.java-1.46.0-win32-x64\jre\21.0.8-win32-x86_64\bin\jimage.dll
0x00007ffbbc500000 - 0x00007ffbbc742000 	C:\Windows\SYSTEM32\DBGHELP.DLL
0x00007ffbc1270000 - 0x00007ffbc15eb000 	C:\Windows\System32\combase.dll
0x00007ffbc0c80000 - 0x00007ffbc0d57000 	C:\Windows\System32\OLEAUT32.dll
0x00007ffb9a070000 - 0x00007ffb9a0ad000 	C:\Windows\SYSTEM32\dbgcore.DLL
0x00007ffbbfa50000 - 0x00007ffbbfae9000 	C:\Windows\System32\bcryptPrimitives.dll
0x00007ffbac220000 - 0x00007ffbac22f000 	c:\Users\arthu\.vscode\extensions\redhat.java-1.46.0-win32-x64\jre\21.0.8-win32-x86_64\bin\instrument.dll
0x00007ffbab5b0000 - 0x00007ffbab5cf000 	c:\Users\arthu\.vscode\extensions\redhat.java-1.46.0-win32-x64\jre\21.0.8-win32-x86_64\bin\java.dll
0x00007ffbab300000 - 0x00007ffbab318000 	c:\Users\arthu\.vscode\extensions\redhat.java-1.46.0-win32-x64\jre\21.0.8-win32-x86_64\bin\zip.dll

JVMTI agents:
c:\Users\arthu\.vscode\extensions\redhat.java-1.46.0-win32-x64\lombok\lombok-1.18.39-4050.jar path:none, loaded, not initialized, instrumentlib options:none

dbghelp: loaded successfully - version: 4.0.5 - missing functions: none
symbol engine: initialized successfully - sym options: 0x614 - pdb path: .;c:\Users\arthu\.vscode\extensions\redhat.java-1.46.0-win32-x64\jre\21.0.8-win32-x86_64\bin;C:\Windows\SYSTEM32;C:\Windows\WinSxS\amd64_microsoft.windows.common-controls_6595b64144ccf1df_6.0.26100.5074_none_3e0d6f78e32fd63f;c:\Users\arthu\.vscode\extensions\redhat.java-1.46.0-win32-x64\jre\21.0.8-win32-x86_64\bin\server

VM Arguments:
jvm_args: --add-modules=ALL-SYSTEM --add-opens=java.base/java.util=ALL-UNNAMED --add-opens=java.base/java.lang=ALL-UNNAMED --add-opens=java.base/sun.nio.fs=ALL-UNNAMED -Declipse.application=org.eclipse.jdt.ls.core.id1 -Dosgi.bundles.defaultStartLevel=4 -Declipse.product=org.eclipse.jdt.ls.core.product -Djava.import.generatesMetadataFilesAtProjectRoot=false -DDetectVMInstallationsJob.disabled=true -Dfile.encoding=utf8 -XX:+UseParallelGC -XX:GCTimeRatio=4 -XX:AdaptiveSizePolicyWeight=90 -Dsun.zip.disableMemoryMapping=true -Xmx2G -Xms100m -Xlog:disable -javaagent:c:\Users\arthu\.vscode\extensions\redhat.java-1.46.0-win32-x64\lombok\lombok-1.18.39-4050.jar 
java_command: c:\Users\arthu\.vscode\extensions\redhat.java-1.46.0-win32-x64\server\plugins\org.eclipse.equinox.launcher_1.7.0.v20250519-0528.jar -configuration c:\Users\arthu\AppData\Roaming\Code\User\globalStorage\redhat.java\1.46.0\config_ss_win -data c:\Users\arthu\AppData\Roaming\Code\User\workspaceStorage\fd07c98ef1eabca4411f8b501041ee0a\redhat.java\ss_ws --pipe=\\.\pipe\lsp-2ddd5caa8408eecd21b24f00f9629cc6-sock
java_class_path (initial): c:\Users\arthu\.vscode\extensions\redhat.java-1.46.0-win32-x64\server\plugins\org.eclipse.equinox.launcher_1.7.0.v20250519-0528.jar
Launcher Type: SUN_STANDARD

[Global flags]
    uintx AdaptiveSizePolicyWeight                 = 90                                        {product} {command line}
     intx CICompilerCount                          = 3                                         {product} {ergonomic}
    uintx GCTimeRatio                              = 4                                         {product} {command line}
   size_t InitialHeapSize                          = 104857600                                 {product} {command line}
   size_t MaxHeapSize                              = 2147483648                                {product} {command line}
   size_t MaxNewSize                               = 715653120                                 {product} {ergonomic}
   size_t MinHeapDeltaBytes                        = 524288                                    {product} {ergonomic}
   size_t MinHeapSize                              = 104857600                                 {product} {command line}
   size_t NewSize                                  = 34603008                                  {product} {ergonomic}
    uintx NonNMethodCodeHeapSize                   = 5832780                                {pd product} {ergonomic}
    uintx NonProfiledCodeHeapSize                  = 122912730                              {pd product} {ergonomic}
   size_t OldSize                                  = 70254592                                  {product} {ergonomic}
    uintx ProfiledCodeHeapSize                     = 122912730                              {pd product} {ergonomic}
    uintx ReservedCodeCacheSize                    = 251658240                              {pd product} {ergonomic}
     bool SegmentedCodeCache                       = true                                      {product} {ergonomic}
   size_t SoftMaxHeapSize                          = 2147483648                             {manageable} {ergonomic}
     bool UseCompressedOops                        = true                           {product lp64_product} {ergonomic}
     bool UseLargePagesIndividualAllocation        = false                                  {pd product} {ergonomic}
     bool UseParallelGC                            = true                                      {product} {command line}

Logging:
Log output configuration:
 #0: stdout all=off uptime,level,tags foldmultilines=false
 #1: stderr all=off uptime,level,tags foldmultilines=false

Environment Variables:
JAVA_HOME=C:\Program Files\Java\jdk-25/jdk-25
PATH=C:\Program Files (x86)\Microsoft\Edge\Application;C:\Windows\system32;C:\Windows;C:\Windows\System32\Wbem;C:\Windows\System32\WindowsPowerShell\v1.0\;C:\Windows\System32\OpenSSH\;C:\Program Files\dotnet\;C:\Program Files\MATLAB\R2025a\bin;C:\Program Files\Git\cmd;C:\Program Files\Microsoft SQL Server\170\DTS\Binn\;C:\Program Files\Apache\Maven\maven\bin;C:\Windows\system32;C:\Windows;C:\Windows\System32\Wbem;C:\Windows\System32\WindowsPowerShell\v1.0\;C:\Windows\System32\OpenSSH\;C:\Program Files\dotnet\;C:\Program Files\MATLAB\R2025a\bin;C:\Program Files\Git\cmd;C:\Program Files\Microsoft SQL Server\170\DTS\Binn\;C:\Windows\system32;C:\Windows;C:\Windows\System32\Wbem;C:\Windows\System32\WindowsPowerShell\v1.0\;C:\Windows\System32\OpenSSH\;C:\Program Files\dotnet\;C:\Program Files\MATLAB\R2025a\bin;C:\Program Files\Git\cmd;C:\Program Files\Microsoft SQL Server\170\DTS\Binn\;C:\Windows\system32;C:\Windows;C:\Windows\System32\Wbem;C:\Windows\System32\WindowsPowerShell\v1.0\;C:\Wind;C:\Program Files\Java\jdk-25\jdk-25\bin
USERNAME=arthu
OS=Windows_NT
PROCESSOR_IDENTIFIER=Intel64 Family 6 Model 186 Stepping 3, GenuineIntel
TMP=C:\Users\arthu\AppData\Local\Temp
TEMP=C:\Users\arthu\AppData\Local\Temp




Periodic native trim disabled

---------------  S Y S T E M  ---------------

OS:
 Windows 11 , 64 bit Build 26100 (10.0.26100.5074)
OS uptime: 2 days 9:58 hours
Hyper-V role detected

CPU: total 6 (initial active 6) (3 cores per cpu, 2 threads per core) family 6 model 186 stepping 3 microcode 0x411f, cx8, cmov, fxsr, ht, mmx, 3dnowpref, sse, sse2, sse3, ssse3, sse4.1, sse4.2, popcnt, lzcnt, tsc, tscinvbit, avx, avx2, aes, erms, clmul, bmi1, bmi2, adx, sha, fma, vzeroupper, clflush, clflushopt, clwb, hv, serialize, rdtscp, rdpid, fsrm, f16c, cet_ibt, cet_ss
Processor Information for processor 0
  Max Mhz: 1200, Current Mhz: 1200, Mhz Limit: 1200
Processor Information for processor 1
  Max Mhz: 1200, Current Mhz: 1200, Mhz Limit: 1200
Processor Information for processor 2
  Max Mhz: 1200, Current Mhz: 900, Mhz Limit: 900
Processor Information for processor 3
  Max Mhz: 1200, Current Mhz: 900, Mhz Limit: 900
Processor Information for processor 4
  Max Mhz: 1200, Current Mhz: 900, Mhz Limit: 900
Processor Information for processor 5
  Max Mhz: 1200, Current Mhz: 900, Mhz Limit: 900

Memory: 4k page, system-wide physical 7864M (1078M free)
TotalPageFile size 15864M (AvailPageFile size 5M)
current process WorkingSet (physical memory assigned to process): 19M, peak: 19M
current process commit charge ("private bytes"): 189M, peak: 191M

vm_info: OpenJDK 64-Bit Server VM (21.0.8+9-LTS) for windows-amd64 JRE (21.0.8+9-LTS), built on 2025-07-15T00:00:00Z by "admin" with MS VC++ 17.7 (VS2022)

END.
